<?xml version="1.0" encoding="UTF-8"?>
<testng-results ignored="0" total="1" passed="1" failed="0" skipped="0">
  <reporter-output>
  </reporter-output>
  <suite started-at="2022-06-10T12:52:39 IST" name="Default suite" finished-at="2022-06-10T12:53:15 IST" duration-ms="35727">
    <groups>
    </groups>
    <test started-at="2022-06-10T12:52:39 IST" name="Default test" finished-at="2022-06-10T12:53:15 IST" duration-ms="35727">
      <class name="testcases.Assingment2.Testcase_1">
        <test-method is-config="true" signature="setup()[pri:0, instance:testcases.Assingment2.Testcase_1@29215f06]" started-at="2022-06-10T12:52:39 IST" name="setup" finished-at="2022-06-10T12:52:51 IST" duration-ms="11804" status="PASS">
          <reporter-output>
          </reporter-output>
        </test-method> <!-- setup -->
        <test-method signature="goodreadbooks()[pri:0, instance:testcases.Assingment2.Testcase_1@29215f06]" started-at="2022-06-10T12:52:51 IST" name="goodreadbooks" finished-at="2022-06-10T12:53:14 IST" duration-ms="23199" status="PASS">
          <reporter-output>
          </reporter-output>
        </test-method> <!-- goodreadbooks -->
        <test-method is-config="true" signature="closeing()[pri:0, instance:testcases.Assingment2.Testcase_1@29215f06]" started-at="2022-06-10T12:53:14 IST" name="closeing" finished-at="2022-06-10T12:53:15 IST" duration-ms="636" status="PASS">
          <reporter-output>
          </reporter-output>
        </test-method> <!-- closeing -->
      </class> <!-- testcases.Assingment2.Testcase_1 -->
    </test> <!-- Default test -->
  </suite> <!-- Default suite -->
</testng-results>
